"../../../../../../daniel/Desktop/compsci and resumes/Games/PacBoy/Content/Mannequin/Character/Mesh/UE4_Mannequin_Skeleton.uasset" 0
"../../../../../../daniel/Desktop/compsci and resumes/Games/PacBoy/Content/Mannequin/Animations/ThirdPerson_Jump.uasset" 1
"../../../../../../daniel/Desktop/compsci and resumes/Games/PacBoy/Content/Mannequin/Animations/ThirdPersonJump_Loop.uasset" 2
"../../../../../../daniel/Desktop/compsci and resumes/Games/PacBoy/Content/Mannequin/Animations/ThirdPersonJump_Start.uasset" 3
"../../../../../../daniel/Desktop/compsci and resumes/Games/PacBoy/Content/Mannequin/Animations/ThirdPersonIdle.uasset" 4
"../../../../../../daniel/Desktop/compsci and resumes/Games/PacBoy/Content/Mannequin/Animations/ThirdPersonRun.uasset" 5
"../../../../../../daniel/Desktop/compsci and resumes/Games/PacBoy/Content/Mannequin/Animations/ThirdPersonWalk.uasset" 6
"../../../../../../daniel/Desktop/compsci and resumes/Games/PacBoy/Content/Mannequin/Animations/ThirdPerson_IdleRun_2D.uasset" 7
"../../../Engine/Content/EditorBlueprintResources/StandardMacros.uasset" 8
"../../../../../../daniel/Desktop/compsci and resumes/Games/PacBoy/Content/Mannequin/Animations/ThirdPerson_AnimBP.uasset" 9
"../../../../../../daniel/Desktop/compsci and resumes/Games/PacBoy/Content/ThirdPersonBP/Blueprints/Materials/M_Base.uasset" 10
"../../../../../../daniel/Desktop/compsci and resumes/Games/PacBoy/Content/ThirdPersonBP/Blueprints/Materials/MI_Base.uasset" 11
"../../../Engine/Content/Functions/Engine_MaterialFunctions01/Opacity/CameraDepthFade.uasset" 12
"../../../Engine/Content/EngineMaterials/T_Default_Material_Grid_M.uasset" 13
"../../../Engine/Content/EngineMaterials/T_Default_Material_Grid_N.uasset" 14
"../../../Engine/Content/EngineMaterials/WorldGridMaterial.uasset" 15
"../../../../../../daniel/Desktop/compsci and resumes/Games/PacBoy/Content/StarterContent/Props/MaterialSphere.uasset" 16
"../../../../../../daniel/Desktop/compsci and resumes/Games/PacBoy/Content/ThirdPersonBP/Blueprints/Audio/Jump.uasset" 17
"../../../../../../daniel/Desktop/compsci and resumes/Games/PacBoy/Content/ThirdPersonBP/Blueprints/MasterCharacter.uasset" 18
"../../../../../../daniel/Desktop/compsci and resumes/Games/PacBoy/Content/ThirdPersonBP/Blueprints/ThirdPersonGameMode.uasset" 19
"../../../Engine/Content/Maps/Templates/Thumbnails/Default.uasset" 20
"../../../Engine/Content/Maps/Templates/Thumbnails/TimeOfDay.uasset" 21
"../../../Engine/Content/Maps/Templates/Thumbnails/VR-Basic.uasset" 22
"../../../Engine/Content/MobileResources/T_MobileControls_texture.uasset" 23
"../../../Engine/Content/MobileResources/T_MobileMenu2.uasset" 24
"../../../Engine/Content/MobileResources/HUD/MobileHUDDirectionPad3.uasset" 25
"../../../Engine/Content/MobileResources/HUD/MobileHUDButton2_off.uasset" 26
"../../../Engine/Content/MobileResources/HUD/MobileHUDButton3.uasset" 27
"../../../Engine/Content/MobileResources/HUD/T_Castle_ThumbstickInner.uasset" 28
"../../../Engine/Content/MobileResources/HUD/MobileHUDDirectionStick.uasset" 29
"../../../Engine/Content/MobileResources/HUD/VirtualJoystick_Background.uasset" 30
"../../../Engine/Content/MobileResources/HUD/VirtualJoystick_Thumb.uasset" 31
"../../../Engine/Content/MobileResources/HUD/DefaultVirtualJoysticks.uasset" 32
"../../../Engine/Content/MobileResources/HUD/T_Castle_ThumbstickOutter.uasset" 33
"../../../Engine/Content/MobileResources/HUD/MobileHUDButton2_on.uasset" 34
"../../../Engine/Content/MobileResources/HUD/MobileHUDDirectionPad2.uasset" 35
"../../../Engine/Content/MobileResources/HUD/MobileHUDDirectionPad.uasset" 36
"../../../Engine/Content/MobileResources/HUD/AnalogHat.uasset" 37
"../../../Engine/Content/MobileResources/HUD/MobileHUDButton1_on.uasset" 38
"../../../Engine/Content/MobileResources/HUD/MobileHUDButtonFire.uasset" 39
"../../../Engine/Content/MobileResources/HUD/LeftVirtualJoystickOnly.uasset" 40
"../../../Engine/Content/MobileResources/HUD/MobileHUDButton1_off.uasset" 41
"../../../Engine/Content/Tutorial/ContentIntroCurve.uasset" 42
"../../../Engine/Content/Tutorial/Basics/TutorialAssets/icon_tab_Levels_40x.uasset" 43
"../../../Engine/Content/Tutorial/Basics/LevelEditorOverview.uasset" 44
"../../../Engine/Content/Tutorial/Basics/LevelEditorAttract.uasset" 45
"../../../Engine/Content/EngineResources/DefaultTextureCube.uasset" 46
"../../../Engine/Content/EngineResources/DefaultTexture.uasset" 47
"../../../Engine/Content/EngineResources/Black.uasset" 48
"../../../Engine/Content/EngineResources/DefaultVolumeTexture2D.uasset" 49
"../../../Engine/Content/EngineResources/DefaultVolumeTexture.uasset" 50
"../../../Engine/Content/EngineResources/GradientTexture0.uasset" 51
"../../../Engine/Content/EditorLandscapeResources/DataLayer.uasset" 52
"../../../Engine/Content/EditorSounds/Notifications/CompileSuccess.uasset" 53
"../../../Engine/Content/EditorSounds/Notifications/CompileSuccess_Cue.uasset" 54
"../../../Engine/Content/EditorSounds/Notifications/CompileFailed.uasset" 55
"../../../Engine/Content/EditorSounds/Notifications/CompileFailed_Cue.uasset" 56
"../../../Engine/Content/EditorSounds/Notifications/CompileStart_Cue.uasset" 57
"../../../Engine/Content/EditorMaterials/Camera/CineMat.uasset" 58
"../../../Engine/Content/EditorMaterials/Camera/MI_CineMat_Rig.uasset" 59
"../../../Engine/Content/EditorMeshes/Camera/SM_CraneRig_Body.uasset" 60
"../../../Engine/Content/EditorMeshes/Camera/SM_RailRig_Mount.uasset" 61
"../../../Engine/Content/EditorMeshes/Camera/SM_CraneRig_Base.uasset" 62
"../../../Engine/Content/EditorMeshes/Camera/SM_CraneRig_Mount.uasset" 63
"../../../Engine/Content/EditorMeshes/Camera/SM_CraneRig_Arm.uasset" 64
"../../../Engine/Content/EditorMeshes/Camera/SM_RailRig_Track.uasset" 65
"../../../Engine/Content/EngineFonts/Faces/DroidSansFallback.uasset" 66
"../../../Engine/Content/EngineFonts/Faces/RobotoBold.uasset" 67
"../../../Engine/Content/EngineFonts/Faces/RobotoBoldItalic.uasset" 68
"../../../Engine/Content/EngineFonts/Faces/RobotoItalic.uasset" 69
"../../../Engine/Content/EngineFonts/Faces/RobotoLight.uasset" 70
"../../../Engine/Content/EngineFonts/Faces/RobotoRegular.uasset" 71
"../../../Engine/Content/EngineFonts/Roboto.uasset" 72
"../../../Engine/Content/EngineDamageTypes/DmgTypeBP_Environmental.uasset" 73
"../../../Engine/Content/ArtTools/RenderToTexture/Meshes/S_1_Unit_Plane.uasset" 74
"../../../Engine/Content/Animation/DefaultAnimCurveCompressionSettings.uasset" 75
"../../../Engine/Content/Animation/DefaultAnimBoneCompressionSettings.uasset" 76
"../../../Engine/Content/EngineResources/WhiteSquareTexture.uasset" 77
"../../../Engine/Content/EngineMaterials/Widget3DPassThrough.uasset" 78
"../../../Engine/Content/EngineMaterials/Widget3DPassThrough_Masked.uasset" 79
"../../../Engine/Content/EngineMaterials/WeightMapPlaceholderTexture.uasset" 80
"../../../Engine/Content/EngineMaterials/Widget3DPassThrough_Translucent.uasset" 81
"../../../Engine/Content/EngineMaterials/Widget3DPassThrough_Translucent_OneSided.uasset" 82
"../../../Engine/Content/Functions/Engine_MaterialFunctions02/WorldPositionOffset/CameraOffset.uasset" 83
"../../../Engine/Content/EngineMaterials/PhAT_JointLimitMaterial.uasset" 84
"../../../Engine/Content/EngineMaterials/GizmoMaterial.uasset" 85
"../../../Engine/Content/EngineMaterials/BlueNoise.uasset" 86
"../../../Engine/Content/EngineMaterials/DefaultWhiteGrid_Low.uasset" 87
"../../../Engine/Content/EngineMaterials/EmissiveMeshMaterial.uasset" 88
"../../../Engine/Content/EngineMaterials/Widget3DPassThrough_Opaque.uasset" 89
"../../../Engine/Content/EngineMaterials/Widget3DPassThrough_Masked_OneSided.uasset" 90
"../../../Engine/Content/EngineMaterials/Good64x64TilingNoiseHighFreq.uasset" 91
"../../../Engine/Content/EngineMaterials/DefaultBloomKernel.uasset" 92
"../../../Engine/Content/EngineMaterials/RemoveSurfaceMaterial.uasset" 93
"../../../Engine/Content/EngineMaterials/DefaultDiffuse.uasset" 94
"../../../Engine/Content/EngineMaterials/DefaultDeferredDecalMaterial.uasset" 95
"../../../Engine/Content/Functions/Engine_MaterialFunctions02/Utility/BreakOutFloat2Components.uasset" 96
"../../../Engine/Content/EngineMaterials/DefaultPostProcessMaterial.uasset" 97
"../../../Engine/Content/EngineMaterials/DefaultPhysicalMaterial.uasset" 98
"../../../Engine/Content/EngineMaterials/BaseFlattenDiffuseMap.uasset" 99
"../../../Engine/Content/EngineMaterials/BaseFlattenEmissiveMap.uasset" 100
"../../../Engine/Content/EngineMaterials/BaseFlattenGrayscaleMap.uasset" 101
"../../../Engine/Content/EngineMaterials/BaseFlattenNormalMap.uasset" 102
"../../../Engine/Content/EngineMaterials/BaseFlattenMaterial.uasset" 103
"../../../Engine/Content/EngineMaterials/InvalidLightmapSettings.uasset" 104
"../../../Engine/Content/EngineMaterials/M_InvalidLightmapSettings.uasset" 105
"../../../Engine/Content/EngineFonts/RobotoDistanceField.uasset" 106
"../../../Engine/Content/EngineMaterials/DefaultTextMaterialOpaque.uasset" 107
"../../../Engine/Content/EngineMaterials/PreintegratedSkinBRDF.uasset" 108
"../../../Engine/Content/EngineMaterials/Widget3DPassThrough_Opaque_OneSided.uasset" 109
"../../../Engine/Content/EngineMaterials/DefaultBokeh.uasset" 110
"../../../Engine/Content/EngineMaterials/DefaultLightFunctionMaterial.uasset" 111
"../../../Engine/Content/EngineMaterials/MiniFont.uasset" 112
"../../../Engine/Content/EngineMaterials/DefaultWhiteGrid.uasset" 113
"../../../Engine/Content/EngineDebugMaterials/DebugEditorMaterial.uasset" 114
"../../../Engine/Content/EngineDebugMaterials/WireframeMaterial.uasset" 115
"../../../Engine/Content/Functions/Engine_MaterialFunctions02/Utility/CameraDirectionVector.uasset" 116
"../../../Engine/Content/EngineDebugMaterials/VolumeToRender.uasset" 117
"../../../Engine/Content/EngineDebugMaterials/M_VolumeRenderSphereTracePP.uasset" 118
"../../../Engine/Content/EngineDebugMaterials/M_SimpleUnlitTranslucent.uasset" 119
"../../../Engine/Content/EngineDebugMaterials/DebugMeshMaterial.uasset" 120
"../../../Engine/Content/EditorResources/S_Note.uasset" 121
"../../../Engine/Content/EditorResources/S_Solver.uasset" 122
"../../../Engine/Content/EditorResources/S_Trigger.uasset" 123
"../../../Engine/Content/EditorResources/S_Actor.uasset" 124
"../../../Engine/Content/EditorResources/EmptyActor.uasset" 125
"../../../Engine/Content/EditorResources/BSPVertex.uasset" 126
"../../../Engine/Content/EditorResources/SequenceRecorder/Countdown.uasset" 127
"../../../Engine/Content/EditorResources/SequenceRecorder/RecordingIndicator.uasset" 128
"../../../Engine/Content/EngineMaterials/DefaultMaterial.uasset" 129
"../../../Engine/Content/BasicShapes/Cone.uasset" 130
"../../../Engine/Content/BasicShapes/Cube.uasset" 131
"../../../Engine/Content/BasicShapes/Cylinder.uasset" 132
"../../../Engine/Content/BasicShapes/Plane.uasset" 133
"../../../Engine/Content/BasicShapes/Sphere.uasset" 134
"../../../Engine/Content/Functions/Engine_MaterialFunctions01/Shading/ConvertFromDiffSpec.uasset" 135
"../../../Engine/Content/Functions/Engine_MaterialFunctions01/Shading/PowerToRoughness.uasset" 136
"../../../Engine/Content/EditorMaterials/PreviewShadowIndicator.uasset" 137
"../../../Engine/Content/EditorMaterials/PreviewShadowIndicatorMaterial.uasset" 138
"../../../Engine/Content/EditorMaterials/MAT_Groups_Toggle.uasset" 139
"../../../Engine/Content/EditorMaterials/MAT_Groups_Visibility.uasset" 140
"../../../Engine/Content/EditorMaterials/ParticleSystems/PSysThumbnail_NoImage.uasset" 141
"../../../Engine/Content/EditorMaterials/ParticleSystems/PSysThumbnail_OOD.uasset" 142
"../../../Engine/Content/EditorMaterials/MatineeGroups/MAT_Groups_Vector.uasset" 143
"../../../Engine/Content/EditorMaterials/MatineeGroups/MAT_ColorTrack.uasset" 144
"../../../Engine/Content/EditorMaterials/MatineeGroups/MAT_Groups_AudioMaster.uasset" 145
"../../../Engine/Content/EditorMaterials/MatineeGroups/MAT_Groups_Sound.uasset" 146
"../../../Engine/Content/EditorMaterials/MatineeGroups/MAT_Groups_Float.uasset" 147
"../../../Engine/Content/EditorMaterials/MatineeGroups/MAT_Groups_Director.uasset" 148
"../../../Engine/Content/EditorMaterials/MatineeGroups/MAT_Groups_Move.uasset" 149
"../../../Engine/Content/EditorMaterials/MatineeGroups/MAT_Groups_Event.uasset" 150
"../../../Engine/Content/EditorMaterials/MatineeGroups/MAT_Groups_Fade.uasset" 151
"../../../Engine/Content/EditorMaterials/MatineeGroups/MAT_Groups_Anim.uasset" 152
"../../../Engine/Content/EditorMaterials/MatineeGroups/MAT_Groups_Slomo.uasset" 153
"../../../Engine/Content/EngineSounds/Master.uasset" 154
"../../../Engine/Content/EngineMeshes/Cylinder.uasset" 155
"../../../Engine/Content/EngineMeshes/Sphere.uasset" 156
"../../../Engine/Content/VREditor/LaserPointer/VR_LaserPower_01.uasset" 157
"../../../Engine/Content/VREditor/TransformGizmo/TransformGizmoMaterial.uasset" 158
"../../../Engine/Content/VREditor/TransformGizmo/TranslucentTransformGizmoMaterial.uasset" 159
"../../../Engine/Content/VREditor/TransformGizmo/PlaneTranslationHandle.uasset" 160
"../../../Engine/Content/VREditor/TransformGizmo/Main.uasset" 161
"../../../Engine/Content/VREditor/TransformGizmo/Xray.uasset" 162
"../../../Engine/Content/VREditor/TransformGizmo/SM_Sequencer_Key.uasset" 163
"../../../Engine/Content/VREditor/TransformGizmo/BoundingBoxCorner.uasset" 164
"../../../Engine/Content/VREditor/TransformGizmo/SM_Sequencer_Node.uasset" 165
"../../../Engine/Content/VREditor/TransformGizmo/BoundingBoxEdge.uasset" 166
"../../Plugins/FX/Niagara/Content/Enums/ENiagaraExpansionMode.uasset" 167
"../../Plugins/FX/Niagara/Content/Enums/ENiagaraBooleanLogicOps.uasset" 168
"../../Plugins/FX/Niagara/Content/Enums/ENiagaraOrientationAxis.uasset" 169
"../../Plugins/FX/Niagara/Content/Enums/ENiagaraRandomnessMode.uasset" 170
"../../Plugins/FX/Niagara/Content/Enums/ENiagaraCoordinateSpace.uasset" 171
"../../Plugins/2D/Paper2D/Content/PlaceholderTextures/DummySpriteTexture.uasset" 172
"../../Plugins/2D/Paper2D/Content/DefaultSpriteMaterial.uasset" 173
"../../Plugins/2D/Paper2D/Content/OpaqueUnlitSpriteMaterial.uasset" 174
"../../Plugins/2D/Paper2D/Content/DummySprite.uasset" 175
"../../Plugins/2D/Paper2D/Content/DefaultPaperTerrainMaterial.uasset" 176
"../../Plugins/2D/Paper2D/Content/MaskedUnlitSpriteMaterial.uasset" 177
"../../../../../../daniel/Desktop/compsci and resumes/Games/PacBoy/Content/ThirdPersonBP/Blueprints/MasterActor.uasset" 178
"../../../../../../daniel/Desktop/compsci and resumes/Games/PacBoy/Content/Geometry/Meshes/1M_Cube.uasset" 179
"../../../../../../daniel/Desktop/compsci and resumes/Games/PacBoy/Content/ThirdPersonBP/Blueprints/Enums/PickUpType.uasset" 180
"../../../../../../daniel/Desktop/compsci and resumes/Games/PacBoy/Content/ThirdPersonBP/Blueprints/BasePickUp.uasset" 181
"../../../../../../daniel/Desktop/compsci and resumes/Games/PacBoy/Content/ThirdPersonBP/Blueprints/Audio/PickupDot.uasset" 182
"../../../../../../daniel/Desktop/compsci and resumes/Games/PacBoy/Content/ThirdPersonBP/Blueprints/Audio/PickupPower.uasset" 183
"../../../../../../daniel/Desktop/compsci and resumes/Games/PacBoy/Content/ThirdPersonBP/Blueprints/Enums/InputMode.uasset" 184
"../../../../../../daniel/Desktop/compsci and resumes/Games/PacBoy/Content/ThirdPersonBP/Blueprints/Audio/MenuSound.uasset" 185
"../../../../../../daniel/Desktop/compsci and resumes/Games/PacBoy/Content/ThirdPersonBP/Blueprints/Widgets/Widget_GameCompleted.uasset" 186
"../../../../../../daniel/Desktop/compsci and resumes/Games/PacBoy/Content/ThirdPersonBP/Blueprints/Widgets/Widget_GameOver.uasset" 187
"../../../../../../daniel/Desktop/compsci and resumes/Games/PacBoy/Content/ThirdPersonBP/Blueprints/Widgets/Widget_LevelComplete.uasset" 188
"../../../../../../daniel/Desktop/compsci and resumes/Games/PacBoy/Content/ThirdPersonBP/Blueprints/Widgets/Widget_UI.uasset" 189
"../../../../../../daniel/Desktop/compsci and resumes/Games/PacBoy/Content/ThirdPersonBP/Blueprints/BasePlayerCharacter.uasset" 190
"../../../../../../daniel/Desktop/compsci and resumes/Games/PacBoy/Content/ThirdPersonBP/Blueprints/Base_Enemy.uasset" 191
"../../../Engine/Content/EngineSky/C_Sky_Cloud_Color.uasset" 192
"../../../Engine/Content/EngineSky/C_Sky_Horizon_Color.uasset" 193
"../../../Engine/Content/EngineSky/C_Sky_Zenith_Color.uasset" 194
"../../../Engine/Content/EngineSky/T_Sky_Blue.uasset" 195
"../../../Engine/Content/EngineSky/T_Sky_Clouds_M.uasset" 196
"../../../Engine/Content/EngineSky/T_Sky_Stars.uasset" 197
"../../../Engine/Content/EngineSky/M_Sky_Panning_Clouds2.uasset" 198
"../../../Engine/Content/EngineSky/SM_SkySphere.uasset" 199
"../../../Engine/Content/EngineSky/BP_Sky_Sphere.uasset" 200
"../../../../../../daniel/Desktop/compsci and resumes/Games/PacBoy/Content/StarterContent/Materials/M_Basic_Wall.uasset" 201
"../../../../../../daniel/Desktop/compsci and resumes/Games/PacBoy/Content/StarterContent/Shapes/Shape_Plane.uasset" 202
"../../../../../../daniel/Desktop/compsci and resumes/Games/PacBoy/Content/ThirdPersonBP/Blueprints/Enums/GeometryType.uasset" 203
"../../../../../../daniel/Desktop/compsci and resumes/Games/PacBoy/Content/ThirdPersonBP/Blueprints/Base_Geometry.uasset" 204
"../../../../../../daniel/Desktop/compsci and resumes/Games/PacBoy/Content/ThirdPersonBP/Blueprints/DeathPlane.uasset" 205
"../../../../../../daniel/Desktop/compsci and resumes/Games/PacBoy/Content/ThirdPersonBP/Blueprints/Audio/BackgroundMusic.uasset" 206
"../../../../../../daniel/Desktop/compsci and resumes/Games/PacBoy/Content/ThirdPersonBP/Blueprints/Audio/BackGroundMusicSoundCUe.uasset" 207
"../../../../../../daniel/Desktop/compsci and resumes/Games/PacBoy/Content/ThirdPersonBP/Blueprints/MusicControl.uasset" 208
"../../../../../../daniel/Desktop/compsci and resumes/Games/PacBoy/Content/ThirdPersonBP/Maps/Level1.umap" 209
"../../../../../../daniel/Desktop/compsci and resumes/Games/PacBoy/Content/ThirdPersonBP/Maps/Level0.umap" 210
"../../../../../../daniel/Desktop/compsci and resumes/Games/PacBoy/Content/ThirdPersonBP/Maps/MainMenu_BuiltData.uasset" 211
"../../../../../../daniel/Desktop/compsci and resumes/Games/PacBoy/Content/ThirdPersonBP/Blueprints/Widgets/Widget_MainMenu.uasset" 212
"../../../../../../daniel/Desktop/compsci and resumes/Games/PacBoy/Content/ThirdPersonBP/Maps/MainMenu.umap" 213
"../../../Engine/Content/Maps/Entry_BuiltData.uasset" 214
"../../../Engine/Content/Maps/Entry.umap" 215
